<?xml version="1.0" encoding="UTF-8"?>
<!-- Generated by org.testng.reporters.JUnitReportReporter -->
<testsuite hostname="DESKTOP-LOP61V2" failures="0" tests="4" name="Tests.OpenWeatherMapAPITest" time="3.716" errors="0" timestamp="2024-05-05T00:01:46 IST" skipped="0">
  <testcase classname="Tests.OpenWeatherMapAPITest" name="testGetCurrentWeatherForCity" time="2.617"/>
  <testcase classname="Tests.OpenWeatherMapAPITest" name="testGet5DayForecastForCity" time="0.450"/>
  <testcase classname="Tests.OpenWeatherMapAPITest" name="testInvalidCityName" time="0.312"/>
  <testcase classname="Tests.OpenWeatherMapAPITest" name="testInvalidAPIKey" time="0.337"/>
</testsuite> <!-- Tests.OpenWeatherMapAPITest -->
